<?xml version="1.0" encoding="UTF-8"?>
<testng-results ignored="0" total="1" passed="1" failed="0" skipped="0">
  <reporter-output>
  </reporter-output>
  <suite started-at="2022-06-27T04:07:04Z" name="Default suite" finished-at="2022-06-27T04:07:57Z" duration-ms="52875">
    <groups>
    </groups>
    <test started-at="2022-06-27T04:07:04Z" name="Default test" finished-at="2022-06-27T04:07:57Z" duration-ms="52875">
      <class name="TestSuites.timesheet">
        <test-method is-config="true" signature="invokeBrowser()[pri:0, instance:TestSuites.timesheet@1b73be9f]" started-at="2022-06-27T04:07:04Z" name="invokeBrowser" finished-at="2022-06-27T04:07:05Z" duration-ms="1437" status="PASS">
          <reporter-output>
          </reporter-output>
        </test-method> <!-- invokeBrowser -->
        <test-method signature="testCases()[pri:1, instance:TestSuites.timesheet@1b73be9f]" started-at="2022-06-27T04:07:05Z" name="testCases" finished-at="2022-06-27T04:07:56Z" duration-ms="50779" status="PASS">
          <reporter-output>
          </reporter-output>
        </test-method> <!-- testCases -->
        <test-method is-config="true" signature="closeBrowser()[pri:0, instance:TestSuites.timesheet@1b73be9f]" started-at="2022-06-27T04:07:56Z" name="closeBrowser" finished-at="2022-06-27T04:07:57Z" duration-ms="643" status="PASS">
          <reporter-output>
          </reporter-output>
        </test-method> <!-- closeBrowser -->
      </class> <!-- TestSuites.timesheet -->
    </test> <!-- Default test -->
  </suite> <!-- Default suite -->
</testng-results>
